<?xml version="1.0" encoding="UTF-8"?>
<testsuite xmlns:xsi="http://www.w3.org/2001/XMLSchema-instance" xsi:noNamespaceSchemaLocation="https://maven.apache.org/surefire/maven-surefire-plugin/xsd/surefire-test-report-3.0.xsd" version="3.0" name="tests.Testrunner" time="28.079" tests="1" errors="0" skipped="0" failures="0">
  <properties>
[...]
</properties>
  <testcase name="runScenario[&quot;Create a signup account for the website&quot;, &quot;Validate the signup functionality&quot;](1)" classname="tests.Testrunner" time="22.43">
    <system-out><![CDATA[
Scenario Outline: Create a signup account for the website               &amp#27;[90m# src/test/java/feature/signup.feature:22&amp#27;[0m
Browser valude is :chrome
  &amp#27;[32mGiven &amp#27;[0m&amp#27;[32mI am on the Website&amp#27;[0m                                             &amp#27;[90m# stepdef.signup.i_am_on_the_website()&amp#27;[0m
  &amp#27;[32mWhen &amp#27;[0m&amp#27;[32mI click on the signup button&amp#27;[0m                                     &amp#27;[90m# stepdef.signup.i_click_on_the_signup_button()&amp#27;[0m
  &amp#27;[32mThen &amp#27;[0m&amp#27;[32mThe Signup Page appears&amp#27;[0m                                          &amp#27;[90m# stepdef.signup.the_signup_page_appears()&amp#27;[0m
  &amp#27;[32mAnd &amp#27;[0m&amp#27;[32mI add the &amp#27;[0m&amp#27;[32m&amp#27;[1m"John"&amp#27;[0m&amp#27;[32m, &amp#27;[0m&amp#27;[32m&amp#27;[1m"Doe"&amp#27;[0m&amp#27;[32m, &amp#27;[0m&amp#27;[32m&amp#27;[1m"john.do011se@tst.com"&amp#27;[0m&amp#27;[32m, and &amp#27;[0m&amp#27;[32m&amp#27;[1m"pass12345@"&amp#27;[0m &amp#27;[90m# stepdef.signup.i_add_the_and(java.lang.String,java.lang.String,java.lang.String,java.lang.String)&amp#27;[0m
  &amp#27;[32mAnd &amp#27;[0m&amp#27;[32mI click on the submit button&amp#27;[0m                                      &amp#27;[90m# stepdef.signup.i_click_on_the_submit_button()&amp#27;[0m
  &amp#27;[32mThen &amp#27;[0m&amp#27;[32mThe dashboard should be visible, and I should be signed in&amp#27;[0m       &amp#27;[90m# stepdef.signup.the_dashboard_should_be_visible_and_i_should_be_signed_in()&amp#27;[0m
  &amp#27;[32mThen &amp#27;[0m&amp#27;[32mI click on the logout button&amp#27;[0m                                     &amp#27;[90m# stepdef.signup.i_click_on_the_logout_button()&amp#27;[0m
  &amp#27;[32mWhen &amp#27;[0m&amp#27;[32mI click on the signin button&amp#27;[0m                                     &amp#27;[90m# stepdef.signup.i_click_on_the_signin_button()&amp#27;[0m
  &amp#27;[32mThen &amp#27;[0m&amp#27;[32mI should be able to redirect to the Signin page&amp#27;[0m                  &amp#27;[90m# stepdef.signup.i_should_be_able_to_redirect_to_the_signin_page()&amp#27;[0m
  &amp#27;[32mWhen &amp#27;[0m&amp#27;[32mI Input the &amp#27;[0m&amp#27;[32m&amp#27;[1m"john.do011se@tst.com"&amp#27;[0m&amp#27;[32m, and &amp#27;[0m&amp#27;[32m&amp#27;[1m"pass12345@"&amp#27;[0m             &amp#27;[90m# stepdef.signup.i_input_the_and(java.lang.String,java.lang.String)&amp#27;[0m
  &amp#27;[32mAnd &amp#27;[0m&amp#27;[32mI click the signin button&amp#27;[0m                                         &amp#27;[90m# stepdef.signup.i_click_the_signin_button()&amp#27;[0m
  &amp#27;[32mThen &amp#27;[0m&amp#27;[32mI should be able to signin to the application&amp#27;[0m                    &amp#27;[90m# stepdef.signup.i_should_be_able_to_signin_to_the_application()&amp#27;[0m
  &amp#27;[32mThen &amp#27;[0m&amp#27;[32mI click on the logout button&amp#27;[0m                                     &amp#27;[90m# stepdef.signup.i_click_on_the_logout_button()&amp#27;[0m
Hooks close 
]]></system-out>
    <system-err><![CDATA[Nov 20, 2024 7:02:55 PM org.openqa.selenium.devtools.CdpVersionFinder findNearestMatch
WARNING: Unable to find CDP implementation matching 131
Nov 20, 2024 7:02:55 PM org.openqa.selenium.chromium.ChromiumDriver lambda$new$5
WARNING: Unable to find version of CDP to use for 131.0.6778.85. You may need to include a dependency on a specific version of the CDP using something similar to `org.seleniumhq.selenium:selenium-devtools-v86:4.19.1` where the version ("v86") matches the version of the chromium-based browser you're using and the version number of the artifact is the same as Selenium's.
]]></system-err>
  </testcase>
</testsuite>