<?xml version="1.0" encoding="UTF-8"?>
<testng-results ignored="0" total="1" passed="1" failed="0" skipped="0">
  <reporter-output>
  </reporter-output>
  <suite started-at="2024-11-20T19:02:53 IST" name="Surefire suite" finished-at="2024-11-20T19:03:16 IST" duration-ms="22728">
    <groups>
      <group name="cucumber">
        <method signature="AbstractTestNGCucumberTests.runScenario(io.cucumber.testng.PickleWrapper,io.cucumber.testng.FeatureWrapper)[pri:0, instance:tests.Testrunner@496bc455]" name="runScenario" class="io.cucumber.testng.AbstractTestNGCucumberTests"/>
      </group> <!-- cucumber -->
    </groups>
    <test started-at="2024-11-20T19:02:53 IST" name="Surefire test" finished-at="2024-11-20T19:03:16 IST" duration-ms="22728">
      <class name="tests.Testrunner">
        <test-method is-config="true" signature="setUpClass(org.testng.ITestContext)[pri:0, instance:tests.Testrunner@496bc455]" started-at="2024-11-20T19:02:53 IST" name="setUpClass" finished-at="2024-11-20T19:02:53 IST" duration-ms="177" status="PASS">
          <params>
            <param index="0">
              <value>
                <![CDATA[org.testng.TestRunner@79b84841]]>
              </value>
            </param>
          </params>
          <reporter-output>
          </reporter-output>
        </test-method> <!-- setUpClass -->
        <test-method signature="runScenario(io.cucumber.testng.PickleWrapper,io.cucumber.testng.FeatureWrapper)[pri:0, instance:tests.Testrunner@496bc455]" started-at="2024-11-20T19:02:53 IST" name="runScenario" description="Runs Cucumber Scenarios" data-provider="scenarios" finished-at="2024-11-20T19:03:15 IST" duration-ms="22427" status="PASS">
          <params>
            <param index="0">
              <value>
                <![CDATA["Create a signup account for the website"]]>
              </value>
            </param>
            <param index="1">
              <value>
                <![CDATA["Validate the signup functionality"]]>
              </value>
            </param>
          </params>
          <reporter-output>
          </reporter-output>
        </test-method> <!-- runScenario -->
        <test-method is-config="true" signature="tearDownClass()[pri:0, instance:tests.Testrunner@496bc455]" started-at="2024-11-20T19:03:15 IST" name="tearDownClass" finished-at="2024-11-20T19:03:16 IST" duration-ms="104" status="PASS">
          <reporter-output>
          </reporter-output>
        </test-method> <!-- tearDownClass -->
      </class> <!-- tests.Testrunner -->
    </test> <!-- Surefire test -->
  </suite> <!-- Surefire suite -->
</testng-results>
